[2026-03-14T20:56:44Z] Ran stage 8: Web Change Operations
[2026-03-14T20:56:45Z] Ran all 11 stages
  - 1. Source Ingestion & Normalization
  - 2. Brand Voice Calibration
  - 3. Offer Architecture
  - 4. Visual Direction System
  - 5. Conversion Copy Engine
  - 6. Trust & Compliance Layer
  - 7. Content Expansion
  - 8. Web Change Operations
  - 9. QA & Professionalism Audit
  - 10. Launch Readiness
  - 11. Continuous Optimization Loop
[2026-03-15T23:23:46Z] Ran all 11 stages
  - 1. Source Ingestion & Normalization
  - 2. Brand Voice Calibration
  - 3. Offer Architecture
  - 4. Visual Direction System
  - 5. Conversion Copy Engine
  - 6. Trust & Compliance Layer
  - 7. Content Expansion
  - 8. Web Change Operations
  - 9. QA & Professionalism Audit
  - 10. Launch Readiness
  - 11. Continuous Optimization Loop
[2026-03-15T23:31:49Z] Ran all 11 stages
  - 1. Source Ingestion & Normalization
  - 2. Brand Voice Calibration
  - 3. Offer Architecture
  - 4. Visual Direction System
  - 5. Conversion Copy Engine
  - 6. Trust & Compliance Layer
  - 7. Content Expansion
  - 8. Web Change Operations
  - 9. QA & Professionalism Audit
  - 10. Launch Readiness
  - 11. Continuous Optimization Loop
[2026-03-15T23:31:55Z] Ran all 11 stages
  - 1. Source Ingestion & Normalization
  - 2. Brand Voice Calibration
  - 3. Offer Architecture
  - 4. Visual Direction System
  - 5. Conversion Copy Engine
  - 6. Trust & Compliance Layer
  - 7. Content Expansion
  - 8. Web Change Operations
  - 9. QA & Professionalism Audit
  - 10. Launch Readiness
  - 11. Continuous Optimization Loop
